0 info it worked if it ends with ok
1 verbose cli [ '/usr/local/bin/node', '/usr/local/bin/npm', 'publish' ]
2 info using npm@1.2.25
3 info using node@v0.10.10
4 verbose publish [ '.' ]
5 verbose read json /home/glygapon/composer/package.json
6 verbose cache add [ '.', null ]
7 verbose cache add name=undefined spec="." args=[".",null]
8 verbose parsed url { protocol: null,
8 verbose parsed url   slashes: null,
8 verbose parsed url   auth: null,
8 verbose parsed url   host: null,
8 verbose parsed url   port: null,
8 verbose parsed url   hostname: null,
8 verbose parsed url   hash: null,
8 verbose parsed url   search: null,
8 verbose parsed url   query: null,
8 verbose parsed url   pathname: '.',
8 verbose parsed url   path: '.',
8 verbose parsed url   href: '.' }
9 silly lockFile 3a52ce78- .
10 verbose lock . /home/glygapon/.npm/3a52ce78-.lock
11 verbose read json package.json
12 verbose tar pack [ '/home/glygapon/tmp/npm-29071/1380709961189-0.6453405763022602/tmp.tgz',
12 verbose tar pack   '.' ]
13 verbose tarball /home/glygapon/tmp/npm-29071/1380709961189-0.6453405763022602/tmp.tgz
14 verbose folder .
15 info prepublish composer@0.0.1
16 silly lockFile 3a52ce78- .
17 verbose lock . /home/glygapon/.npm/3a52ce78-.lock
18 silly lockFile 16bcedd9-61189-0-6453405763022602-tmp-tgz /home/glygapon/tmp/npm-29071/1380709961189-0.6453405763022602/tmp.tgz
19 verbose lock /home/glygapon/tmp/npm-29071/1380709961189-0.6453405763022602/tmp.tgz /home/glygapon/.npm/16bcedd9-61189-0-6453405763022602-tmp-tgz.lock
20 silly lockFile 3a52ce78- .
21 silly lockFile 3a52ce78- .
22 silly lockFile 16bcedd9-61189-0-6453405763022602-tmp-tgz /home/glygapon/tmp/npm-29071/1380709961189-0.6453405763022602/tmp.tgz
23 silly lockFile 16bcedd9-61189-0-6453405763022602-tmp-tgz /home/glygapon/tmp/npm-29071/1380709961189-0.6453405763022602/tmp.tgz
24 verbose tar unpack /home/glygapon/tmp/npm-29071/1380709961189-0.6453405763022602/tmp.tgz
25 silly lockFile e32d66cc-61189-0-6453405763022602-package /home/glygapon/tmp/npm-29071/1380709961189-0.6453405763022602/package
26 verbose lock /home/glygapon/tmp/npm-29071/1380709961189-0.6453405763022602/package /home/glygapon/.npm/e32d66cc-61189-0-6453405763022602-package.lock
27 silly lockFile 16bcedd9-61189-0-6453405763022602-tmp-tgz /home/glygapon/tmp/npm-29071/1380709961189-0.6453405763022602/tmp.tgz
28 verbose lock /home/glygapon/tmp/npm-29071/1380709961189-0.6453405763022602/tmp.tgz /home/glygapon/.npm/16bcedd9-61189-0-6453405763022602-tmp-tgz.lock
29 silly gunzTarPerm modes [ '755', '644' ]
30 silly gunzTarPerm extractEntry package.json
31 silly gunzTarPerm extractEntry index.js
32 silly gunzTarPerm extractEntry example/test.js
33 silly gunzTarPerm extractEntry example/test.txt
34 silly gunzTarPerm extractEntry libs/composer.js
35 silly gunzTarPerm extractEntry libs/helper.js
36 silly gunzTarPerm extractEntry libs/maker.js
37 silly gunzTarPerm extractEntry libs/storage.js
38 silly gunzTarPerm extractEntry libs/storages/memory.js
39 silly gunzTarPerm extractEntry readme.md
40 verbose read json /home/glygapon/tmp/npm-29071/1380709961189-0.6453405763022602/package/package.json
41 silly lockFile e32d66cc-61189-0-6453405763022602-package /home/glygapon/tmp/npm-29071/1380709961189-0.6453405763022602/package
42 silly lockFile e32d66cc-61189-0-6453405763022602-package /home/glygapon/tmp/npm-29071/1380709961189-0.6453405763022602/package
43 silly lockFile 16bcedd9-61189-0-6453405763022602-tmp-tgz /home/glygapon/tmp/npm-29071/1380709961189-0.6453405763022602/tmp.tgz
44 silly lockFile 16bcedd9-61189-0-6453405763022602-tmp-tgz /home/glygapon/tmp/npm-29071/1380709961189-0.6453405763022602/tmp.tgz
45 verbose from cache /home/glygapon/tmp/npm-29071/1380709961189-0.6453405763022602/package/package.json
46 verbose tar pack [ '/home/glygapon/.npm/composer/0.0.1/package.tgz',
46 verbose tar pack   '/home/glygapon/tmp/npm-29071/1380709961189-0.6453405763022602/package' ]
47 verbose tarball /home/glygapon/.npm/composer/0.0.1/package.tgz
48 verbose folder /home/glygapon/tmp/npm-29071/1380709961189-0.6453405763022602/package
49 silly lockFile e32d66cc-61189-0-6453405763022602-package /home/glygapon/tmp/npm-29071/1380709961189-0.6453405763022602/package
50 verbose lock /home/glygapon/tmp/npm-29071/1380709961189-0.6453405763022602/package /home/glygapon/.npm/e32d66cc-61189-0-6453405763022602-package.lock
51 silly lockFile d0aaa3f1-n-npm-composer-0-0-1-package-tgz /home/glygapon/.npm/composer/0.0.1/package.tgz
52 verbose lock /home/glygapon/.npm/composer/0.0.1/package.tgz /home/glygapon/.npm/d0aaa3f1-n-npm-composer-0-0-1-package-tgz.lock
53 silly lockFile e32d66cc-61189-0-6453405763022602-package /home/glygapon/tmp/npm-29071/1380709961189-0.6453405763022602/package
54 silly lockFile e32d66cc-61189-0-6453405763022602-package /home/glygapon/tmp/npm-29071/1380709961189-0.6453405763022602/package
55 silly lockFile d0aaa3f1-n-npm-composer-0-0-1-package-tgz /home/glygapon/.npm/composer/0.0.1/package.tgz
56 silly lockFile d0aaa3f1-n-npm-composer-0-0-1-package-tgz /home/glygapon/.npm/composer/0.0.1/package.tgz
57 silly lockFile 710d4243-gapon-npm-composer-0-0-1-package /home/glygapon/.npm/composer/0.0.1/package
58 verbose lock /home/glygapon/.npm/composer/0.0.1/package /home/glygapon/.npm/710d4243-gapon-npm-composer-0-0-1-package.lock
59 silly lockFile 710d4243-gapon-npm-composer-0-0-1-package /home/glygapon/.npm/composer/0.0.1/package
60 silly lockFile 710d4243-gapon-npm-composer-0-0-1-package /home/glygapon/.npm/composer/0.0.1/package
61 verbose tar unpack /home/glygapon/.npm/composer/0.0.1/package.tgz
62 silly lockFile 710d4243-gapon-npm-composer-0-0-1-package /home/glygapon/.npm/composer/0.0.1/package
63 verbose lock /home/glygapon/.npm/composer/0.0.1/package /home/glygapon/.npm/710d4243-gapon-npm-composer-0-0-1-package.lock
64 silly lockFile d0aaa3f1-n-npm-composer-0-0-1-package-tgz /home/glygapon/.npm/composer/0.0.1/package.tgz
65 verbose lock /home/glygapon/.npm/composer/0.0.1/package.tgz /home/glygapon/.npm/d0aaa3f1-n-npm-composer-0-0-1-package-tgz.lock
66 silly gunzTarPerm modes [ '755', '644' ]
67 silly gunzTarPerm extractEntry package.json
68 silly gunzTarPerm extractEntry index.js
69 silly gunzTarPerm extractEntry example/test.js
70 silly gunzTarPerm extractEntry example/test.txt
71 silly gunzTarPerm extractEntry libs/composer.js
72 silly gunzTarPerm extractEntry libs/helper.js
73 silly gunzTarPerm extractEntry libs/maker.js
74 silly gunzTarPerm extractEntry libs/storage.js
75 silly gunzTarPerm extractEntry libs/storages/memory.js
76 silly gunzTarPerm extractEntry readme.md
77 verbose read json /home/glygapon/.npm/composer/0.0.1/package/package.json
78 silly lockFile 710d4243-gapon-npm-composer-0-0-1-package /home/glygapon/.npm/composer/0.0.1/package
79 silly lockFile 710d4243-gapon-npm-composer-0-0-1-package /home/glygapon/.npm/composer/0.0.1/package
80 silly lockFile d0aaa3f1-n-npm-composer-0-0-1-package-tgz /home/glygapon/.npm/composer/0.0.1/package.tgz
81 silly lockFile d0aaa3f1-n-npm-composer-0-0-1-package-tgz /home/glygapon/.npm/composer/0.0.1/package.tgz
82 verbose from cache /home/glygapon/.npm/composer/0.0.1/package/package.json
83 verbose chmod /home/glygapon/.npm/composer/0.0.1/package.tgz 644
84 verbose chown /home/glygapon/.npm/composer/0.0.1/package.tgz [ 1237, 513 ]
85 silly lockFile 3a52ce78- .
86 silly publish { name: 'composer',
86 silly publish   version: '0.0.1',
86 silly publish   description: 'text generator',
86 silly publish   main: 'index.js',
86 silly publish   directories: { example: 'example' },
86 silly publish   scripts: { test: 'echo "Error: no test specified" && exit 1' },
86 silly publish   repository:
86 silly publish    { type: 'git',
86 silly publish      url: 'https://github.com/YaroslavGaponov/composer.git' },
86 silly publish   keywords: [ 'Natural', 'Language', 'Generation', 'NLG' ],
86 silly publish   author: { name: 'Yaroslav Gaponov' },
86 silly publish   license: 'BSD',
86 silly publish   readmeFilename: 'readme.md',
86 silly publish   gitHead: 'd0997ab093980c05be1b2fcfc088e6313a21f394',
86 silly publish   bugs: { url: 'https://github.com/YaroslavGaponov/composer/issues' },
86 silly publish   readme: 'Composer - text generator\n========\n\nExample\n========\n\n```javascript\n\nvar fs = require(\'fs\');\n\nvar Composer = require(\'../index.js\');\n\n// create storage...\nvar storage = new Composer.Storage();\n\n// read some text examples\nvar text = fs.readFileSync(\'./test.txt\').toString();\n\n// generate data\nvar maker = Composer.Maker(storage);\nmaker.parse(text);\n\n// print tree\nconsole.log(\'STORAGE\');\nconsole.log(storage._data);\nconsole.log();\n\n// print 10 sentenses\nconsole.log(\'TEXT\');\nvar composer = Composer.Composer(storage, 4);\nfor(var i=0; i<5; i++) {\n    console.log(composer.speak());\n}\n\n```\n\n',
86 silly publish   _id: 'composer@0.0.1',
86 silly publish   dist: { shasum: 'c2c7f15c5ce232c337a73447a782003c367f1e11' },
86 silly publish   _from: '.' }
87 verbose url raw composer
88 verbose url resolving [ 'https://registry.npmjs.org/', './composer' ]
89 verbose url resolved https://registry.npmjs.org/composer
90 info trying registry request attempt 1 at 06:33:42
91 http PUT https://registry.npmjs.org/composer
92 http 409 https://registry.npmjs.org/composer
93 verbose url raw composer
94 verbose url resolving [ 'https://registry.npmjs.org/', './composer' ]
95 verbose url resolved https://registry.npmjs.org/composer
96 info trying registry request attempt 1 at 06:33:43
97 http GET https://registry.npmjs.org/composer
98 http 200 https://registry.npmjs.org/composer
99 verbose uploading [ 'composer/-/composer-0.0.1.tgz/-rev/7-e0089e7bfe841816bc4f624aa76a231d',
99 verbose uploading   '/home/glygapon/.npm/composer/0.0.1/package.tgz' ]
100 verbose url raw composer/-/composer-0.0.1.tgz/-rev/7-e0089e7bfe841816bc4f624aa76a231d
101 verbose url resolving [ 'https://registry.npmjs.org/',
101 verbose url resolving   './composer/-/composer-0.0.1.tgz/-rev/7-e0089e7bfe841816bc4f624aa76a231d' ]
102 verbose url resolved https://registry.npmjs.org/composer/-/composer-0.0.1.tgz/-rev/7-e0089e7bfe841816bc4f624aa76a231d
103 info trying registry request attempt 1 at 06:33:44
104 http PUT https://registry.npmjs.org/composer/-/composer-0.0.1.tgz/-rev/7-e0089e7bfe841816bc4f624aa76a231d
105 http 403 https://registry.npmjs.org/composer/-/composer-0.0.1.tgz/-rev/7-e0089e7bfe841816bc4f624aa76a231d
106 info trying registry request attempt 1 at 06:33:46
107 http PUT https://registry.npmjs.org/composer/-/composer-0.0.1.tgz/-rev/7-e0089e7bfe841816bc4f624aa76a231d
108 http 403 https://registry.npmjs.org/composer/-/composer-0.0.1.tgz/-rev/7-e0089e7bfe841816bc4f624aa76a231d
109 error publish Error uploading package
110 error Error: forbidden user: yaroslavgaponov not authorized to modify composer
110 error Added: _attachments.composer-0.0.1.tgz: composer/-/composer-0.0.1.tgz/-rev/7-e0089e7bfe841816bc4f624aa76a231d
110 error     at RegClient.<anonymous> (/usr/local/lib/node_modules/npm/node_modules/npm-registry-client/lib/request.js:272:14)
110 error     at Request.self.callback (/usr/local/lib/node_modules/npm/node_modules/request/index.js:148:22)
110 error     at Request.EventEmitter.emit (events.js:98:17)
110 error     at Request.<anonymous> (/usr/local/lib/node_modules/npm/node_modules/request/index.js:876:14)
110 error     at Request.EventEmitter.emit (events.js:117:20)
110 error     at IncomingMessage.<anonymous> (/usr/local/lib/node_modules/npm/node_modules/request/index.js:827:12)
110 error     at IncomingMessage.EventEmitter.emit (events.js:117:20)
110 error     at _stream_readable.js:910:16
110 error     at process._tickCallback (node.js:415:13)
111 error If you need help, you may report this log at:
111 error     <http://github.com/isaacs/npm/issues>
111 error or email it to:
111 error     <npm-@googlegroups.com>
112 error System Linux 2.6.32-279.14.1.el6.x86_64
113 error command "/usr/local/bin/node" "/usr/local/bin/npm" "publish"
114 error cwd /home/glygapon/composer
115 error node -v v0.10.10
116 error npm -v 1.2.25
117 verbose exit [ 1, true ]
